IQ-TREE multicore version 2.3.0 COVID-edition for Linux 64-bit built Mar 12 2024
Developed by Bui Quang Minh, James Barbetti, Nguyen Lam Tung,
Olga Chernomor, Heiko Schmidt, Dominik Schrempf, Michael Woodhams, Ly Trong Nhan.

Host:    mpcn12 (AVX512, FMA3, 1511 GB RAM)
Command: iqtree2 -s 05_iqtree/concat.fasta -p 05_iqtree/partitions.txt -m GTR+G+I -B 1000 --redo -T 2 --prefix 05_iqtree/luciola_mito
Seed:    653032 (Using SPRNG - Scalable Parallel Random Number Generator)
Time:    Thu Feb 26 14:29:07 2026
Kernel:  AVX+FMA - 2 threads (2 CPU cores detected)

Reading partition model file 05_iqtree/partitions.txt ...
Reading alignment file 05_iqtree/concat.fasta ... Fasta format detected
Reading fasta file: done in 0.00715225 secs using 62.39% CPU
Alignment most likely contains DNA/RNA sequences
Alignment has 32 sequences with 13077 columns, 791 distinct patterns
3288 parsimony-informative, 43 singleton sites, 9746 constant sites
                               Gap/Ambiguity  Composition  p-value
Analyzing sequences: done in 4.93005e-05 secs using 44.62% CPU
   1  AlVe-LuNov-34-m-2022-2           0.08%    failed      0.00%
   2  AlVe-LuNov-36-m-2022-4           0.07%    failed      0.00%
   3  AlVe-LuNov-38-m-2022-6           0.07%    failed      0.00%
   4  MoDo-LuNov-31-m-2022-1           0.06%    failed      0.00%
   5  MoDo-LuNov-32-m-2022-2           0.06%    failed      0.00%
   6  ItSal-LuLus-8-m-2022-8           0.09%    passed     75.00%
   7  FraPar-LuIta-3-m-2025-3          0.09%    passed     69.71%
   8  ItSal-LuLus-2-f-2022-2           0.09%    passed     74.33%
   9  ItSal-LuLus-6-m-2022-6           0.09%    passed     74.33%
  10  FraPar-LuIta-9-m-2025-9          0.09%    passed     66.22%
  11  FraPar-LuIta-8-m-2025-8          0.09%    passed     66.22%
  12  GrPal-LuNov-40-m-2022-1          0.11%    passed     78.29%
  13  GrPal-LuNov-53-m-2022-14         0.11%    passed     78.47%
  14  GrPal-LuNov-41-m-2022-2          0.11%    passed     78.67%
  15  FraBlu-LuIta-10-m-2025-25        0.09%    passed     98.01%
  16  FraBlu-LuIta-14-m-2025-29        0.09%    passed     99.35%
  17  SwLa-LuSpp-1-f-2020_pooled_80    0.09%    passed     99.22%
  18  FraBlu-LuIta-4-m-2025-19         0.09%    passed     98.01%
  19  ItPie-LuLus-17-m-2022-2          0.09%    passed     98.49%
  20  ItPie-LuLus-20-m-2022-5          0.09%    passed     98.48%
  21  ItPie-LuLus-24-m-2022-9          0.09%    passed     99.36%
  22  SwLa-LuSpp-9-f-2020_pooled_88    0.09%    passed     99.22%
  23  SwLa-LuSpp-3-f-2020_pooled_82    0.09%    passed     99.33%
  24  PoSes-LuLus-58-m-2022-4          0.00%    failed      0.44%
  25  PoSes-LuLus-57-m-2022-3          0.00%    failed      0.46%
  26  PoAlf-LuLus-66-m-2022-12         0.01%    failed      1.34%
  27  PoAlf-LuLus-65-m-2022-11         0.01%    failed      1.54%
  28  PoAlf-LuLus-68-m-2022-14         0.01%    failed      1.54%
  29  PoMon-LuLus-61-m-2022-7          0.00%    failed      0.44%
  30  PoSes-LuLus-56-m-2022-2          0.00%    failed      0.42%
  31  PoMon-LuLus-63-m-2022-9          0.00%    failed      0.48%
  32  PoMon-LuLus-62-m-2022-8          0.00%    failed      0.44%
****  TOTAL                            0.06%  14 sequences failed composition chi2 test (p-value<5%; df=3)

Partition file is not in NEXUS format, assuming RAxML-style partition file...
Subset	Type	Seqs	Sites	Infor	Invar	Model	Name
1	DNA	32	921	206	712	GTR+G+I	nad1_pos12
2	DNA	32	460	92	367	GTR+G+I	nad1_pos3
3	DNA	32	975	288	681	GTR+G+I	nad2_pos12
4	DNA	32	487	142	341	GTR+G+I	nad2_pos3
5	DNA	32	354	114	239	GTR+G+I	nad3_pos12
6	DNA	32	176	54	121	GTR+G+I	nad3_pos3
7	DNA	32	1329	307	1019	GTR+G+I	nad4_pos12
8	DNA	32	664	171	491	GTR+G+I	nad4_pos3
9	DNA	32	291	65	225	GTR+G+I	nad4l_pos12
10	DNA	32	145	29	115	GTR+G+I	nad4l_pos3
11	DNA	32	1710	419	1284	GTR+G+I	nad5_pos12
12	DNA	32	854	216	636	GTR+G+I	nad5_pos3
13	DNA	32	504	171	331	GTR+G+I	nad6_pos12
14	DNA	32	251	91	160	GTR+G+I	nad6_pos3
15	DNA	32	1545	394	1145	GTR+G+I	cox1_pos12
16	DNA	32	772	204	566	GTR+G+I	cox1_pos3
17	DNA	32	714	195	518	GTR+G+I	cox2_pos12
18	DNA	32	356	93	263	GTR+G+I	cox2_pos3
19	DNA	32	787	241	543	GTR+G+I	cox3_pos12
20	DNA	32	393	120	271	GTR+G+I	cox3_pos3
21	DNA	32	672	187	484	GTR+G+I	atp6_pos12
22	DNA	32	335	97	238	GTR+G+I	atp6_pos3
23	DNA	32	144	47	97	GTR+G+I	atp8_pos12
24	DNA	32	71	21	50	GTR+G+I	atp8_pos3
25	DNA	32	1134	334	797	GTR+G+I	cob_pos12
26	DNA	32	566	178	385	GTR+G+I	cob_pos3
27	DNA	32	746	124	621	GTR+G+I	rrnS
28	DNA	32	1251	196	1050	GTR+G+I	rrnL
Degree of missing data: 0.000
Info: multi-threading strategy over partitions

NOTE: ItSal-LuLus-6-m-2022-6 is identical to ItSal-LuLus-2-f-2022-2 but kept for subsequent analysis
NOTE: FraPar-LuIta-8-m-2025-8 is identical to FraPar-LuIta-9-m-2025-9 but kept for subsequent analysis
NOTE: FraBlu-LuIta-4-m-2025-19 is identical to FraBlu-LuIta-10-m-2025-25 but kept for subsequent analysis
NOTE: SwLa-LuSpp-9-f-2020_pooled_88 is identical to SwLa-LuSpp-1-f-2020_pooled_80 but kept for subsequent analysis
NOTE: PoAlf-LuLus-68-m-2022-14 is identical to PoAlf-LuLus-65-m-2022-11 but kept for subsequent analysis

Create initial parsimony tree by phylogenetic likelihood library (PLL)... 0.011 seconds
Generating 1000 samples for ultrafast bootstrap (seed: 653032)...

NOTE: 22 MB RAM (0 GB) is required!
Estimate model parameters (epsilon = 0.100)
Initial log-likelihood: -58524.349
Current log-likelihood at step 1: -55865.907
Current log-likelihood at step 2: -55653.326
Current log-likelihood at step 3: -55625.744
Current log-likelihood at step 4: -55615.216
Current log-likelihood at step 5: -55610.435
Current log-likelihood at step 6: -55607.122
Current log-likelihood at step 7: -55604.232
Current log-likelihood at step 8: -55601.457
Current log-likelihood at step 9: -55598.684
Current log-likelihood at step 10: -55595.886
Current log-likelihood at step 11: -55568.216
Current log-likelihood at step 12: -55566.711
Current log-likelihood at step 13: -55565.432
Current log-likelihood at step 14: -55564.170
Current log-likelihood at step 15: -55562.091
Current log-likelihood at step 16: -55560.550
Current log-likelihood at step 17: -55559.194
Current log-likelihood at step 18: -55557.880
Current log-likelihood at step 19: -55556.545
Current log-likelihood at step 20: -55555.204
Current log-likelihood at step 21: -55553.841
Current log-likelihood at step 22: -55552.442
Current log-likelihood at step 23: -55551.018
Current log-likelihood at step 24: -55549.604
Current log-likelihood at step 25: -55548.175
Current log-likelihood at step 26: -55546.727
Current log-likelihood at step 27: -55545.253
Current log-likelihood at step 28: -55543.767
Current log-likelihood at step 29: -55542.257
Current log-likelihood at step 30: -55540.714
Current log-likelihood at step 31: -55539.156
Current log-likelihood at step 32: -55537.563
Current log-likelihood at step 33: -55535.953
Current log-likelihood at step 34: -55534.302
Current log-likelihood at step 35: -55532.628
Current log-likelihood at step 36: -55530.906
Current log-likelihood at step 37: -55529.155
Current log-likelihood at step 38: -55527.345
Current log-likelihood at step 39: -55525.491
Current log-likelihood at step 40: -55523.563
Current log-likelihood at step 41: -55521.585
Current log-likelihood at step 42: -55519.541
Current log-likelihood at step 43: -55517.500
Current log-likelihood at step 44: -55515.590
Current log-likelihood at step 45: -55513.730
Current log-likelihood at step 46: -55511.868
Current log-likelihood at step 47: -55509.987
Current log-likelihood at step 48: -55481.870
Current log-likelihood at step 49: -55478.138
Current log-likelihood at step 50: -55477.789
Current log-likelihood at step 51: -55477.394
Current log-likelihood at step 52: -55476.965
Current log-likelihood at step 53: -55476.445
Current log-likelihood at step 54: -55475.800
Current log-likelihood at step 55: -55474.957
Current log-likelihood at step 56: -55473.845
Current log-likelihood at step 57: -55472.578
Current log-likelihood at step 58: -55471.498
Current log-likelihood at step 59: -55470.805
Current log-likelihood at step 60: -55470.399
Current log-likelihood at step 61: -55470.096
Current log-likelihood at step 62: -55469.796
Current log-likelihood at step 63: -55469.494
Current log-likelihood at step 64: -55469.194
Current log-likelihood at step 65: -55468.898
Current log-likelihood at step 66: -55468.632
Current log-likelihood at step 67: -55468.391
Current log-likelihood at step 68: -55468.148
Current log-likelihood at step 69: -55467.883
Current log-likelihood at step 70: -55467.600
Current log-likelihood at step 71: -55467.282
Current log-likelihood at step 72: -55466.909
Current log-likelihood at step 73: -55466.490
Current log-likelihood at step 74: -55466.004
Current log-likelihood at step 75: -55465.407
Current log-likelihood at step 76: -55464.707
Current log-likelihood at step 77: -55463.901
Current log-likelihood at step 78: -55463.064
Current log-likelihood at step 79: -55462.335
Current log-likelihood at step 80: -55461.806
Current log-likelihood at step 81: -55461.485
Current log-likelihood at step 82: -55461.289
Current log-likelihood at step 83: -55461.168
Current log-likelihood at step 84: -55461.082
Partition-specific rates:  0.750 0.599 1.076 1.098 0.878 0.798 0.893 0.972 0.944 0.787 1.058 1.074 1.114 1.499 1.241 1.221 1.146 1.420 1.006 0.936 0.979 0.916 1.115 0.933 1.375 1.426 0.491 0.362
Parameters optimization took 83 rounds (12.977 sec)


WARNING: Estimated model parameters are at boundary that can cause numerical instability!

Wrote distance file to... 
Computing ML distances based on estimated model parameters...
Calculating distance matrix: done in 8.7522e-05 secs using 3296% CPU
Computing ML distances took 0.000119 sec (of wall-clock time) 0.002922 sec (of CPU time)
Setting up auxiliary I and S matrices: done in 0.000105482 secs using 104.3% CPU
Computing RapidNJ tree took 0.002387 sec (of wall-clock time) 0.002239 sec (of CPU time)
Log-likelihood of RapidNJ tree: -121409.012
--------------------------------------------------------------------
|             INITIALIZING CANDIDATE TREE SET                      |
--------------------------------------------------------------------
Generating 98 parsimony trees... 2.046 second
Computing log-likelihood of 98 initial trees ... 2.599 seconds
Current best score: -55461.082

Do NNI search on 20 best initial trees
Estimate model parameters (epsilon = 0.100)
Initial log-likelihood: -55454.206
Current log-likelihood at step 1: -55453.418
Current log-likelihood at step 2: -55453.296
Current log-likelihood at step 3: -55453.212
Parameters optimization took 2 rounds (0.516 sec)


WARNING: Estimated model parameters are at boundary that can cause numerical instability!

BETTER TREE FOUND at iteration 1: -55453.212
Estimate model parameters (epsilon = 0.100)
Initial log-likelihood: -55453.201
Current log-likelihood at step 1: -55453.049
Current log-likelihood at step 2: -55452.939
Current log-likelihood at step 3: -55452.849
Parameters optimization took 2 rounds (0.437 sec)


WARNING: Estimated model parameters are at boundary that can cause numerical instability!

UPDATE BEST LOG-LIKELIHOOD: -55452.849
Iteration 10 / LogL: -55543.970 / Time: 0h:0m:24s
Iteration 20 / LogL: -55453.251 / Time: 0h:0m:29s
Finish initializing candidate tree set (3)
Current best tree score: -55452.849 / CPU time: 15.381
Number of iterations: 20
--------------------------------------------------------------------
|               OPTIMIZING CANDIDATE TREE SET                      |
--------------------------------------------------------------------
Iteration 30 / LogL: -55463.832 / Time: 0h:0m:35s (0h:1m:26s left)
Iteration 40 / LogL: -55543.225 / Time: 0h:0m:40s (0h:1m:4s left)
Iteration 50 / LogL: -55461.386 / Time: 0h:0m:46s (0h:0m:48s left)
Log-likelihood cutoff on original alignment: -55479.472
Iteration 60 / LogL: -55455.349 / Time: 0h:0m:52s (0h:0m:36s left)
Iteration 70 / LogL: -55460.463 / Time: 0h:0m:58s (0h:0m:26s left)
Iteration 80 / LogL: -55462.445 / Time: 0h:1m:4s (0h:0m:17s left)
Iteration 90 / LogL: -55453.194 / Time: 0h:1m:10s (0h:0m:8s left)
Iteration 100 / LogL: -55454.499 / Time: 0h:1m:17s (0h:0m:0s left)
Log-likelihood cutoff on original alignment: -55476.585
NOTE: Bootstrap correlation coefficient of split occurrence frequencies: 1.000
TREE SEARCH COMPLETED AFTER 102 ITERATIONS / Time: 0h:1m:18s

--------------------------------------------------------------------
|                    FINALIZING TREE SEARCH                        |
--------------------------------------------------------------------
Performs final model parameters optimization
Estimate model parameters (epsilon = 0.010)
Initial log-likelihood: -55452.849
Current log-likelihood at step 1: -55452.762
Current log-likelihood at step 2: -55452.666
Current log-likelihood at step 3: -55452.578
Current log-likelihood at step 4: -55452.488
Current log-likelihood at step 5: -55452.396
Current log-likelihood at step 6: -55452.301
Current log-likelihood at step 7: -55452.203
Current log-likelihood at step 8: -55452.101
Current log-likelihood at step 9: -55451.995
Current log-likelihood at step 10: -55451.886
Current log-likelihood at step 11: -55451.771
Current log-likelihood at step 12: -55451.653
Current log-likelihood at step 13: -55451.531
Current log-likelihood at step 14: -55451.405
Current log-likelihood at step 15: -55451.276
Current log-likelihood at step 16: -55451.143
Current log-likelihood at step 17: -55451.007
Current log-likelihood at step 18: -55450.867
Current log-likelihood at step 19: -55450.731
Current log-likelihood at step 20: -55450.594
Current log-likelihood at step 21: -55450.465
Current log-likelihood at step 22: -55450.345
Current log-likelihood at step 23: -55450.234
Current log-likelihood at step 24: -55450.117
Current log-likelihood at step 25: -55450.014
Current log-likelihood at step 26: -55449.925
Current log-likelihood at step 27: -55449.839
Current log-likelihood at step 28: -55449.759
Current log-likelihood at step 29: -55449.688
Current log-likelihood at step 30: -55449.608
Current log-likelihood at step 31: -55449.540
Current log-likelihood at step 32: -55449.474
Current log-likelihood at step 33: -55449.409
Current log-likelihood at step 34: -55449.344
Current log-likelihood at step 35: -55449.278
Current log-likelihood at step 36: -55449.211
Current log-likelihood at step 37: -55449.144
Current log-likelihood at step 38: -55449.076
Current log-likelihood at step 39: -55449.005
Current log-likelihood at step 40: -55448.936
Current log-likelihood at step 41: -55448.865
Current log-likelihood at step 42: -55448.794
Current log-likelihood at step 43: -55448.722
Current log-likelihood at step 44: -55448.648
Current log-likelihood at step 45: -55448.573
Current log-likelihood at step 46: -55448.499
Current log-likelihood at step 47: -55448.424
Current log-likelihood at step 48: -55448.349
Current log-likelihood at step 49: -55448.273
Current log-likelihood at step 50: -55448.197
Current log-likelihood at step 51: -55448.123
Current log-likelihood at step 52: -55448.049
Current log-likelihood at step 53: -55447.975
Current log-likelihood at step 54: -55447.904
Current log-likelihood at step 55: -55447.833
Current log-likelihood at step 56: -55447.765
Current log-likelihood at step 57: -55447.699
Current log-likelihood at step 58: -55447.634
Current log-likelihood at step 59: -55447.572
Current log-likelihood at step 60: -55447.511
Current log-likelihood at step 61: -55447.453
Current log-likelihood at step 62: -55447.386
Current log-likelihood at step 63: -55447.318
Current log-likelihood at step 64: -55447.266
Current log-likelihood at step 65: -55447.215
Current log-likelihood at step 66: -55447.167
Current log-likelihood at step 67: -55447.119
Current log-likelihood at step 68: -55447.073
Current log-likelihood at step 69: -55447.026
Current log-likelihood at step 70: -55446.982
Current log-likelihood at step 71: -55446.937
Current log-likelihood at step 72: -55446.890
Current log-likelihood at step 73: -55446.840
Current log-likelihood at step 74: -55446.795
Current log-likelihood at step 75: -55446.752
Current log-likelihood at step 76: -55446.709
Current log-likelihood at step 77: -55446.667
Current log-likelihood at step 78: -55446.624
Current log-likelihood at step 79: -55446.581
Current log-likelihood at step 80: -55446.516
Current log-likelihood at step 81: -55446.466
Current log-likelihood at step 82: -55446.421
Current log-likelihood at step 83: -55446.379
Current log-likelihood at step 84: -55446.337
Current log-likelihood at step 85: -55446.295
Current log-likelihood at step 86: -55446.253
Current log-likelihood at step 87: -55446.210
Current log-likelihood at step 88: -55446.168
Current log-likelihood at step 89: -55446.126
Current log-likelihood at step 90: -55446.084
Current log-likelihood at step 91: -55446.043
Current log-likelihood at step 92: -55446.001
Current log-likelihood at step 93: -55445.958
Current log-likelihood at step 94: -55445.916
Current log-likelihood at step 95: -55445.874
Current log-likelihood at step 96: -55445.832
Current log-likelihood at step 97: -55445.790
Current log-likelihood at step 98: -55445.748
Current log-likelihood at step 99: -55445.701
Partition-specific rates:  0.743 0.595 1.066 1.102 0.871 0.807 0.889 0.963 0.944 0.800 1.061 1.066 1.117 1.508 1.252 1.237 1.152 1.459 0.993 0.918 0.979 0.928 1.112 0.934 1.372 1.416 0.489 0.362
Parameters optimization took 99 rounds (13.006 sec)


WARNING: Estimated model parameters are at boundary that can cause numerical instability!

Partition information was printed to 05_iqtree/luciola_mito.best_model.nex
BEST SCORE FOUND : -55445.701
Creating bootstrap support values...
Split supports printed to NEXUS file 05_iqtree/luciola_mito.splits.nex
Total tree length: 0.759

Total number of iterations: 102
CPU time used for tree search: 120.207 sec (0h:2m:0s)
Wall-clock time used for tree search: 64.716 sec (0h:1m:4s)
Total CPU time used: 173.206 sec (0h:2m:53s)
Total wall-clock time used: 91.722 sec (0h:1m:31s)

Computing bootstrap consensus tree...
Reading input file 05_iqtree/luciola_mito.splits.nex...
32 taxa and 84 splits.
Consensus tree written to 05_iqtree/luciola_mito.contree
Reading input trees file 05_iqtree/luciola_mito.contree
Log-likelihood of consensus tree: -55446.081

Analysis results written to: 
  IQ-TREE report:                05_iqtree/luciola_mito.iqtree
  Maximum-likelihood tree:       05_iqtree/luciola_mito.treefile
  Likelihood distances:          05_iqtree/luciola_mito.mldist

Ultrafast bootstrap approximation results written to:
  Split support values:          05_iqtree/luciola_mito.splits.nex
  Consensus tree:                05_iqtree/luciola_mito.contree
  Screen log file:               05_iqtree/luciola_mito.log

Date and Time: Thu Feb 26 14:30:39 2026
